<?xml version="1.0" encoding="UTF-8"?>
<!-- Generated by org.testng.reporters.JUnitReportReporter -->
<testsuite hostname="DESKTOP-ROFUC2D" failures="0" tests="1" name="ecommerce.tests.ErrorValidationTest" time="45.699" errors="0" timestamp="2024-02-03T17:39:41 IST" skipped="0">
  <testcase classname="ecommerce.tests.ErrorValidationTest" name="emailErrorValidation" time="45.699"/>
</testsuite> <!-- ecommerce.tests.ErrorValidationTest -->
