<?xml version="1.0" encoding="UTF-8"?>
<!-- Generated by org.testng.reporters.JUnitReportReporter -->
<testsuite hostname="DESKTOP-ROFUC2D" failures="0" tests="1" name="ecommerce.tests.PurchaseTest" time="52.051" errors="0" timestamp="2024-02-02T14:17:31 IST" skipped="0">
  <testcase classname="ecommerce.tests.PurchaseTest" name="purchaseMultipleItems" time="52.051"/>
</testsuite> <!-- ecommerce.tests.PurchaseTest -->
