<?xml version="1.0" encoding="UTF-8"?>
<!-- Generated by org.testng.reporters.JUnitReportReporter -->
<testsuite hostname="DESKTOP-ROFUC2D" failures="0" tests="2" name="ecommerce.tests.ProductTest" time="31.082" errors="0" timestamp="2024-02-03T17:39:41 IST" skipped="0">
  <testcase classname="ecommerce.tests.ProductTest" name="filterByProductName" time="18.334"/>
  <testcase classname="ecommerce.tests.ProductTest" name="filterByProductName" time="12.748"/>
</testsuite> <!-- ecommerce.tests.ProductTest -->
