<?xml version="1.0" encoding="UTF-8"?>
<!-- Generated by org.testng.reporters.JUnitReportReporter -->
<testsuite hostname="DESKTOP-ROFUC2D" failures="0" tests="2" name="ecommerce.tests.OrderTest" time="26.372" errors="0" timestamp="2024-02-03T17:39:41 IST" skipped="0">
  <testcase classname="ecommerce.tests.OrderTest" name="verifyEmptyCart" time="14.060"/>
  <testcase classname="ecommerce.tests.OrderTest" name="verifyEmptyCart" time="12.312"/>
</testsuite> <!-- ecommerce.tests.OrderTest -->
