<?xml version="1.0" encoding="UTF-8"?>
<!-- Generated by org.testng.reporters.JUnitReportReporter -->
<testsuite hostname="DESKTOP-ROFUC2D" failures="0" tests="2" name="ecommerce.tests.OrderTest" time="46.042" errors="0" timestamp="2024-02-03T21:23:06 IST" skipped="0">
  <testcase classname="ecommerce.tests.OrderTest" name="verifyEmptyCart" time="20.973"/>
  <testcase classname="ecommerce.tests.OrderTest" name="verifyEmptyCart" time="25.069"/>
</testsuite> <!-- ecommerce.tests.OrderTest -->
