<?xml version="1.0" encoding="UTF-8"?>
<!-- Generated by org.testng.reporters.JUnitReportReporter -->
<testsuite hostname="DESKTOP-ROFUC2D" failures="0" tests="2" name="ecommerce.tests.ProductTest" time="41.829" errors="0" timestamp="2024-02-03T21:23:06 IST" skipped="0">
  <testcase classname="ecommerce.tests.ProductTest" name="filterByProductName" time="22.088"/>
  <testcase classname="ecommerce.tests.ProductTest" name="filterByProductName" time="19.741"/>
</testsuite> <!-- ecommerce.tests.ProductTest -->
