<?xml version="1.0" encoding="UTF-8"?>
<!-- Generated by org.testng.reporters.JUnitReportReporter -->
<testsuite hostname="DESKTOP-ROFUC2D" failures="0" tests="1" name="ecommerce.tests.ErrorValidationTest" time="61.239" errors="0" timestamp="2024-02-03T21:23:06 IST" skipped="0">
  <testcase classname="ecommerce.tests.ErrorValidationTest" name="emailErrorValidation" time="61.239"/>
</testsuite> <!-- ecommerce.tests.ErrorValidationTest -->
